e:\2014spring\c++oop\project\音频场景分割\程序\classification\debug\classification.bsc
e:\2014spring\c++oop\project\音频场景分割\程序\classification\classification\debug\vc120.pdb
e:\2014spring\c++oop\project\音频场景分割\程序\classification\classification\debug\vc120.idb
e:\2014spring\c++oop\project\音频场景分割\程序\classification\classification\debug\audio.obj
e:\2014spring\c++oop\project\音频场景分割\程序\classification\classification\debug\classifier.obj
e:\2014spring\c++oop\project\音频场景分割\程序\classification\classification\debug\gmmodel.obj
e:\2014spring\c++oop\project\音频场景分割\程序\classification\classification\debug\maintest.obj
e:\2014spring\c++oop\project\音频场景分割\程序\classification\classification\debug\manuallabel.obj
e:\2014spring\c++oop\project\音频场景分割\程序\classification\classification\debug\sgmodel.obj
e:\2014spring\c++oop\project\音频场景分割\程序\classification\classification\debug\trainer.obj
e:\2014spring\c++oop\project\音频场景分割\程序\classification\classification\debug\utility.obj
e:\2014spring\c++oop\project\音频场景分割\程序\classification\classification\debug\utility.sbr
e:\2014spring\c++oop\project\音频场景分割\程序\classification\classification\debug\trainer.sbr
e:\2014spring\c++oop\project\音频场景分割\程序\classification\classification\debug\sgmodel.sbr
e:\2014spring\c++oop\project\音频场景分割\程序\classification\classification\debug\manuallabel.sbr
e:\2014spring\c++oop\project\音频场景分割\程序\classification\classification\debug\maintest.sbr
e:\2014spring\c++oop\project\音频场景分割\程序\classification\classification\debug\gmmodel.sbr
e:\2014spring\c++oop\project\音频场景分割\程序\classification\classification\debug\classifier.sbr
e:\2014spring\c++oop\project\音频场景分割\程序\classification\classification\debug\audio.sbr
e:\2014spring\c++oop\project\音频场景分割\程序\classification\debug\classification.ilk
e:\2014spring\c++oop\project\音频场景分割\程序\classification\debug\classification.exe
e:\2014spring\c++oop\project\音频场景分割\程序\classification\debug\classification.pdb
e:\2014spring\c++oop\project\音频场景分割\程序\classification\classification\debug\classification.tlog\bscmake.command.1.tlog
e:\2014spring\c++oop\project\音频场景分割\程序\classification\classification\debug\classification.tlog\bscmake.read.1.tlog
e:\2014spring\c++oop\project\音频场景分割\程序\classification\classification\debug\classification.tlog\bscmake.write.1.tlog
e:\2014spring\c++oop\project\音频场景分割\程序\classification\classification\debug\classification.tlog\cl.command.1.tlog
e:\2014spring\c++oop\project\音频场景分割\程序\classification\classification\debug\classification.tlog\cl.read.1.tlog
e:\2014spring\c++oop\project\音频场景分割\程序\classification\classification\debug\classification.tlog\cl.write.1.tlog
e:\2014spring\c++oop\project\音频场景分割\程序\classification\classification\debug\classification.tlog\link.command.1.tlog
e:\2014spring\c++oop\project\音频场景分割\程序\classification\classification\debug\classification.tlog\link.read.1.tlog
e:\2014spring\c++oop\project\音频场景分割\程序\classification\classification\debug\classification.tlog\link.write.1.tlog
