e:\2014spring\c++oop\project\音频场景分割\程序\segmentation\debug\segmentation.bsc
e:\2014spring\c++oop\project\音频场景分割\程序\segmentation\segmentation\debug\vc120.pdb
e:\2014spring\c++oop\project\音频场景分割\程序\segmentation\segmentation\debug\vc120.idb
e:\2014spring\c++oop\project\音频场景分割\程序\segmentation\segmentation\debug\audio.obj
e:\2014spring\c++oop\project\音频场景分割\程序\segmentation\segmentation\debug\main.obj
e:\2014spring\c++oop\project\音频场景分割\程序\segmentation\segmentation\debug\manuallabel.obj
e:\2014spring\c++oop\project\音频场景分割\程序\segmentation\segmentation\debug\segmentor.obj
e:\2014spring\c++oop\project\音频场景分割\程序\segmentation\segmentation\debug\utility.obj
e:\2014spring\c++oop\project\音频场景分割\程序\segmentation\segmentation\debug\utility.sbr
e:\2014spring\c++oop\project\音频场景分割\程序\segmentation\segmentation\debug\segmentor.sbr
e:\2014spring\c++oop\project\音频场景分割\程序\segmentation\segmentation\debug\manuallabel.sbr
e:\2014spring\c++oop\project\音频场景分割\程序\segmentation\segmentation\debug\main.sbr
e:\2014spring\c++oop\project\音频场景分割\程序\segmentation\segmentation\debug\audio.sbr
e:\2014spring\c++oop\project\音频场景分割\程序\segmentation\debug\segmentation.ilk
e:\2014spring\c++oop\project\音频场景分割\程序\segmentation\debug\segmentation.exe
e:\2014spring\c++oop\project\音频场景分割\程序\segmentation\debug\segmentation.pdb
e:\2014spring\c++oop\project\音频场景分割\程序\segmentation\segmentation\debug\segmentation.tlog\bscmake.command.1.tlog
e:\2014spring\c++oop\project\音频场景分割\程序\segmentation\segmentation\debug\segmentation.tlog\bscmake.read.1.tlog
e:\2014spring\c++oop\project\音频场景分割\程序\segmentation\segmentation\debug\segmentation.tlog\bscmake.write.1.tlog
e:\2014spring\c++oop\project\音频场景分割\程序\segmentation\segmentation\debug\segmentation.tlog\cl.command.1.tlog
e:\2014spring\c++oop\project\音频场景分割\程序\segmentation\segmentation\debug\segmentation.tlog\cl.read.1.tlog
e:\2014spring\c++oop\project\音频场景分割\程序\segmentation\segmentation\debug\segmentation.tlog\cl.write.1.tlog
e:\2014spring\c++oop\project\音频场景分割\程序\segmentation\segmentation\debug\segmentation.tlog\link.command.1.tlog
e:\2014spring\c++oop\project\音频场景分割\程序\segmentation\segmentation\debug\segmentation.tlog\link.read.1.tlog
e:\2014spring\c++oop\project\音频场景分割\程序\segmentation\segmentation\debug\segmentation.tlog\link.write.1.tlog
